src/http/controllers/barber-user/update-user-controller.ts:65:5 - error TS2345: Argument of type '{ name?: string | undefined; phone?: string | undefined; cpf?: string | undefined; genre?: string | undefined; birthday?: string | undefined; pix?: string | undefined; unitId?: string | undefined; ... 8 more ...; id: string; }' is not assignable to parameter of type 'UpdateUserRequest'.
  Types of property 'services' are incompatible.
    Type '{ serviceId: string; time?: number | null | undefined; commissionPercentage?: number | null | undefined; commissionType?: "PERCENTAGE_OF_ITEM" | "PERCENTAGE_OF_USER" | "PERCENTAGE_OF_USER_ITEM" | null | undefined; }[] | undefined' is not assignable to type '{ serviceId: string; time?: number | null | undefined; commissionPercentage?: number | null | undefined; commissionType?: "PERCENTAGE_OF_ITEM" | "PERCENTAGE_OF_USER" | "PERCENTAGE_OF_USER_ITEM" | undefined; }[] | undefined'.
      Type '{ serviceId: string; time?: number | null | undefined; commissionPercentage?: number | null | undefined; commissionType?: "PERCENTAGE_OF_ITEM" | "PERCENTAGE_OF_USER" | "PERCENTAGE_OF_USER_ITEM" | null | undefined; }[]' is not assignable to type '{ serviceId: string; time?: number | null | undefined; commissionPercentage?: number | null | undefined; commissionType?: "PERCENTAGE_OF_ITEM" | "PERCENTAGE_OF_USER" | "PERCENTAGE_OF_USER_ITEM" | undefined; }[]'.
        Type '{ serviceId: string; time?: number | null | undefined; commissionPercentage?: number | null | undefined; commissionType?: "PERCENTAGE_OF_ITEM" | "PERCENTAGE_OF_USER" | "PERCENTAGE_OF_USER_ITEM" | null | undefined; }' is not assignable to type '{ serviceId: string; time?: number | null | undefined; commissionPercentage?: number | null | undefined; commissionType?: "PERCENTAGE_OF_ITEM" | "PERCENTAGE_OF_USER" | "PERCENTAGE_OF_USER_ITEM" | undefined; }'.
          Types of property 'commissionType' are incompatible.
            Type '"PERCENTAGE_OF_ITEM" | "PERCENTAGE_OF_USER" | "PERCENTAGE_OF_USER_ITEM" | null | undefined' is not assignable to type '"PERCENTAGE_OF_ITEM" | "PERCENTAGE_OF_USER" | "PERCENTAGE_OF_USER_ITEM" | undefined'.
              Type 'null' is not assignable to type '"PERCENTAGE_OF_ITEM" | "PERCENTAGE_OF_USER" | "PERCENTAGE_OF_USER_ITEM" | undefined'.

65     { id, ...data },
       ~~~~~~~~~~~~~~~

src/repositories/in-memory/in-memory-sale-item-repository.ts:19:14 - error TS2420: Class 'InMemorySaleItemRepository' incorrectly implements interface 'SaleItemRepository'.
  Property 'findManyByBarberId' is missing in type 'InMemorySaleItemRepository' but required in type 'SaleItemRepository'.

19 export class InMemorySaleItemRepository implements SaleItemRepository {
                ~~~~~~~~~~~~~~~~~~~~~~~~~~

  src/repositories/sale-item-repository.ts:59:3
    59   findManyByBarberId(barberId: string): Promise<DetailedSaleItemFindMany[]>
         ~~~~~~~~~~~~~~~~~~~~~~~~~~~~~~~~~~~~~~~~~~~~~~~~~~~~~~~~~~~~~~~~~~~~~~~~~
    'findManyByBarberId' is declared here.

src/repositories/in-memory/in-memory-transaction-repository.ts:6:14 - error TS2420: Class 'InMemoryTransactionRepository' incorrectly implements interface 'TransactionRepository'.
  Property 'findManyByAffectedUser' is missing in type 'InMemoryTransactionRepository' but required in type 'TransactionRepository'.

6 export class InMemoryTransactionRepository implements TransactionRepository {
               ~~~~~~~~~~~~~~~~~~~~~~~~~~~~~

  src/repositories/transaction-repository.ts:14:3
    14   findManyByAffectedUser(affectedUserId: string): Promise<TransactionFull[]>
         ~~~~~~~~~~~~~~~~~~~~~~~~~~~~~~~~~~~~~~~~~~~~~~~~~~~~~~~~~~~~~~~~~~~~~~~~~~
    'findManyByAffectedUser' is declared here.

src/services/@factories/make-register-service.ts:12:27 - error TS2554: Expected 6 arguments, but got 4.

 12   const registerService = new RegisterUserService(
                              ~~~~~~~~~~~~~~~~~~~~~~~~
 13     repository,
    ~~~~~~~~~~~~~~~
... 
 16     roleRepository,
    ~~~~~~~~~~~~~~~~~~~
 17   )
    ~~~

  src/services/barber-user/register-user.ts:61:5
    61     private barberServiceRepository: BarberServiceRepository,
           ~~~~~~~~~~~~~~~~~~~~~~~~~~~~~~~~~~~~~~~~~~~~~~~~~~~~~~~~
    An argument for 'barberServiceRepository' was not provided.


Found 4 errors in 4 files.

Errors  Files
     1  src/http/controllers/barber-user/update-user-controller.ts:65
     1  src/repositories/in-memory/in-memory-sale-item-repository.ts:19
     1  src/repositories/in-memory/in-memory-transaction-repository.ts:6
     1  src/services/@factories/make-register-service.ts:12
error Command failed with exit code 2.
info Visit https://yarnpkg.com/en/docs/cli/run for documentation about this command.
argeriofilho@MBL-KD9Y6MWQ32 sistema-barbearia-back % 